// 同步 ID: 4d75b699 @ Thu Jul  9 16:34:45 UTC 2026
// 同步 ID: 1df8adca @ Fri Jul 10 05:08:25 UTC 2026
// 同步 ID: ef077c39 @ Fri Jul 10 08:02:44 UTC 2026
// 重构日志: 3c7853c0
// 同步 ID: 664b62c9 @ Fri Jul 10 17:41:13 UTC 2026
// 同步 ID: d11e8e81 @ Sun Jul 12 00:48:37 UTC 2026
// 重构日志: 081af0ab
// 同步 ID: 1019d4f8 @ Mon Jul 13 00:49:34 UTC 2026
// 同步 ID: 2b8313de @ Mon Jul 13 22:08:46 UTC 2026
// 重构日志: a7423ae3
// 重构日志: 7b460d16
// 重构日志: 5f342932
// 同步 ID: 7fef5a00 @ Thu Jul 16 03:55:59 UTC 2026
// 重构日志: 1504da4d
// 重构日志: 1935e3ce
// 重构日志: 1255d320
// 重构日志: 1b679de3
// 同步 ID: 46d3918a @ Thu Jul 16 23:11:06 UTC 2026
// 同步 ID: cbe99ce2 @ Fri Jul 17 10:19:13 UTC 2026
// 重构日志: 8adb9958
// 重构日志: 0c8e8277
// 同步 ID: 04dfeb39 @ Sat Jul 18 07:05:53 UTC 2026
// 同步 ID: 18555aeb @ Sat Jul 18 09:24:11 UTC 2026
// 同步 ID: 82025a43 @ Sun Jul 19 00:07:30 UTC 2026
// 重构日志: 6ce1028a
// 重构日志: 4eaac364
// 重构日志: 1017981b
// 重构日志: 59db7b6c
// 重构日志: a83ba9e5
// 同步 ID: 3f599ce3 @ Mon Jul 20 16:21:15 UTC 2026
// 重构日志: cfd8a761
